<?xml version="1.0" encoding="UTF-8"?>
<testsuites name="jest tests" tests="3" failures="0" errors="0" time="4.389">
  <testsuite name="Auth Helper" errors="0" failures="0" skipped="0" timestamp="2025-04-13T10:36:30" time="4.351" tests="3">
    <testcase classname="Auth Helper is a helper module, not a test suite" name="Auth Helper is a helper module, not a test suite" time="0.002">
    </testcase>
    <testcase classname="AI Follower API Specific Tests Can create an AI follower with complete required data" name="AI Follower API Specific Tests Can create an AI follower with complete required data" time="3.436">
    </testcase>
    <testcase classname="AI Follower API Specific Tests Can query AI followers list" name="AI Follower API Specific Tests Can query AI followers list" time="0.162">
    </testcase>
  </testsuite>
</testsuites>