<?xml version="1.0" encoding="UTF-8"?>
<testsuites name="jest tests" tests="3" failures="0" errors="0" time="0.83">
  <testsuite name="Auth Helper" errors="0" failures="0" skipped="0" timestamp="2025-04-13T10:53:13" time="0.792" tests="3">
    <testcase classname="Auth Helper is a helper module, not a test suite" name="Auth Helper is a helper module, not a test suite" time="0.003">
    </testcase>
    <testcase classname="Authentication Endpoints Registration endpoint exists and accepts requests" name="Authentication Endpoints Registration endpoint exists and accepts requests" time="0.203">
    </testcase>
    <testcase classname="Authentication Endpoints Login endpoint returns successful response" name="Authentication Endpoints Login endpoint returns successful response" time="0.321">
    </testcase>
  </testsuite>
</testsuites>