<?xml version="1.0" encoding="UTF-8"?>
<testsuites name="jest tests" tests="108" failures="3" errors="0" time="133.933">
  <testsuite name="Auth Helper" errors="0" failures="3" skipped="0" timestamp="2025-04-13T09:30:03" time="67.171" tests="5">
    <testcase classname="Auth Helper is a helper module, not a test suite" name="Auth Helper is a helper module, not a test suite" time="0.001">
    </testcase>
    <testcase classname="Direct Chat API Tests Can send a direct message to an AI follower" name="Direct Chat API Tests Can send a direct message to an AI follower" time="30">
      <failure>Error: thrown: &quot;Exceeded timeout of 30000 ms for a test.
Add a timeout value to this test to increase the timeout, if this is a long-running test. See https://jestjs.io/docs/api#testname-fn-timeout.&quot;
    at /home/runner/workspace/tests/api/direct-chat-api.test.cjs:61:3
    at _dispatchDescribe (/home/runner/workspace/node_modules/jest-circus/build/index.js:91:26)
    at describe (/home/runner/workspace/node_modules/jest-circus/build/index.js:55:5)
    at Object.&lt;anonymous&gt; (/home/runner/workspace/tests/api/direct-chat-api.test.cjs:60:1)
    at Runtime._execModule (/home/runner/workspace/node_modules/jest-runtime/build/index.js:1439:24)
    at Runtime._loadModule (/home/runner/workspace/node_modules/jest-runtime/build/index.js:1022:12)
    at Runtime.requireModule (/home/runner/workspace/node_modules/jest-runtime/build/index.js:882:12)
    at jestAdapter (/home/runner/workspace/node_modules/jest-circus/build/legacy-code-todo-rewrite/jestAdapter.js:77:13)
    at runTestInternal (/home/runner/workspace/node_modules/jest-runner/build/runTest.js:367:16)
    at runTest (/home/runner/workspace/node_modules/jest-runner/build/runTest.js:444:34)</failure>
    </testcase>
    <testcase classname="Direct Chat API Tests Can get chat history with an AI follower" name="Direct Chat API Tests Can get chat history with an AI follower" time="1.312">
      <failure>Error: expect(received).toBe(expected) // Object.is equality

Expected: true
Received: false
    at Object.&lt;anonymous&gt; (/home/runner/workspace/tests/api/direct-chat-api.test.cjs:93:44)
    at processTicksAndRejections (node:internal/process/task_queues:95:5)</failure>
    </testcase>
    <testcase classname="Direct Chat API Tests Can get unread message count" name="Direct Chat API Tests Can get unread message count" time="0.151">
    </testcase>
    <testcase classname="Direct Chat API Tests Can mark messages as read" name="Direct Chat API Tests Can mark messages as read" time="30">
      <failure>Error: thrown: &quot;Exceeded timeout of 30000 ms for a test.
Add a timeout value to this test to increase the timeout, if this is a long-running test. See https://jestjs.io/docs/api#testname-fn-timeout.&quot;
    at /home/runner/workspace/tests/api/direct-chat-api.test.cjs:127:3
    at _dispatchDescribe (/home/runner/workspace/node_modules/jest-circus/build/index.js:91:26)
    at describe (/home/runner/workspace/node_modules/jest-circus/build/index.js:55:5)
    at Object.&lt;anonymous&gt; (/home/runner/workspace/tests/api/direct-chat-api.test.cjs:60:1)
    at Runtime._execModule (/home/runner/workspace/node_modules/jest-runtime/build/index.js:1439:24)
    at Runtime._loadModule (/home/runner/workspace/node_modules/jest-runtime/build/index.js:1022:12)
    at Runtime.requireModule (/home/runner/workspace/node_modules/jest-runtime/build/index.js:882:12)
    at jestAdapter (/home/runner/workspace/node_modules/jest-circus/build/legacy-code-todo-rewrite/jestAdapter.js:77:13)
    at runTestInternal (/home/runner/workspace/node_modules/jest-runner/build/runTest.js:367:16)
    at runTest (/home/runner/workspace/node_modules/jest-runner/build/runTest.js:444:34)</failure>
    </testcase>
  </testsuite>
  <testsuite name="Auth Helper" errors="0" failures="0" skipped="0" timestamp="2025-04-13T09:31:10" time="7.603" tests="5">
    <testcase classname="Auth Helper is a helper module, not a test suite" name="Auth Helper is a helper module, not a test suite" time="0.001">
    </testcase>
    <testcase classname="Lab Validation Tests Can create an AI follower for the test circle" name="Lab Validation Tests Can create an AI follower for the test circle" time="3.303">
    </testcase>
    <testcase classname="Lab Validation Tests Can create a pending response for the test post" name="Lab Validation Tests Can create a pending response for the test post" time="0.3">
    </testcase>
    <testcase classname="Lab Validation Tests Can verify pending responses are retrievable via get post API" name="Lab Validation Tests Can verify pending responses are retrievable via get post API" time="1.189">
    </testcase>
    <testcase classname="Lab Validation Tests Can verify lab posts are properly processed by ThreadManager" name="Lab Validation Tests Can verify lab posts are properly processed by ThreadManager" time="0.599">
    </testcase>
  </testsuite>
  <testsuite name="Auth Helper" errors="0" failures="0" skipped="0" timestamp="2025-04-13T09:31:18" time="10.698" tests="5">
    <testcase classname="Auth Helper is a helper module, not a test suite" name="Auth Helper is a helper module, not a test suite" time="0.001">
    </testcase>
    <testcase classname="CircleTube Workflow Tests AI Follower Interaction Workflow Create follower -&gt; Create post -&gt; Verify follower response" name="CircleTube Workflow Tests AI Follower Interaction Workflow Create follower -&gt; Create post -&gt; Verify follower response" time="5.376">
    </testcase>
    <testcase classname="CircleTube Workflow Tests Circle Collaboration Workflow Create circle -&gt; Invite member -&gt; Member joins -&gt; Create post -&gt; View activity" name="CircleTube Workflow Tests Circle Collaboration Workflow Create circle -&gt; Invite member -&gt; Member joins -&gt; Create post -&gt; View activity" time="0.915">
    </testcase>
    <testcase classname="CircleTube Workflow Tests User Profile and Settings Workflow Update profile -&gt; Change settings -&gt; Verify changes persisted" name="CircleTube Workflow Tests User Profile and Settings Workflow Update profile -&gt; Change settings -&gt; Verify changes persisted" time="0.237">
    </testcase>
    <testcase classname="CircleTube Workflow Tests AI Follower Collective Workflow Create collective -&gt; Add follower -&gt; Verify follower is in collective" name="CircleTube Workflow Tests AI Follower Collective Workflow Create collective -&gt; Add follower -&gt; Verify follower is in collective" time="3.59">
    </testcase>
  </testsuite>
  <testsuite name="Auth Helper" errors="0" failures="0" skipped="0" timestamp="2025-04-13T09:31:28" time="10.72" tests="16">
    <testcase classname="Auth Helper is a helper module, not a test suite" name="Auth Helper is a helper module, not a test suite" time="0.001">
    </testcase>
    <testcase classname="Lab Creation Wizard Flow Tests Step 1: Basic Information Can create a new lab with basic information" name="Lab Creation Wizard Flow Tests Step 1: Basic Information Can create a new lab with basic information" time="0.155">
    </testcase>
    <testcase classname="Lab Creation Wizard Flow Tests Step 2: Goals &amp; Description Can update lab with goals and description" name="Lab Creation Wizard Flow Tests Step 2: Goals &amp; Description Can update lab with goals and description" time="0.231">
    </testcase>
    <testcase classname="Lab Creation Wizard Flow Tests Step 3: Success Metrics Can update lab with success metrics" name="Lab Creation Wizard Flow Tests Step 3: Success Metrics Can update lab with success metrics" time="0.231">
    </testcase>
    <testcase classname="Lab Creation Wizard Flow Tests Step 4: Circle Selection Can add control circle to lab" name="Lab Creation Wizard Flow Tests Step 4: Circle Selection Can add control circle to lab" time="0.61">
    </testcase>
    <testcase classname="Lab Creation Wizard Flow Tests Step 4: Circle Selection Can add treatment circle to lab" name="Lab Creation Wizard Flow Tests Step 4: Circle Selection Can add treatment circle to lab" time="0.61">
    </testcase>
    <testcase classname="Lab Creation Wizard Flow Tests Step 4: Circle Selection Can verify both circles were added to lab" name="Lab Creation Wizard Flow Tests Step 4: Circle Selection Can verify both circles were added to lab" time="0.311">
    </testcase>
    <testcase classname="Lab Creation Wizard Flow Tests Step 5: Content Creation Can create test content post in control circle" name="Lab Creation Wizard Flow Tests Step 5: Content Creation Can create test content post in control circle" time="0.229">
    </testcase>
    <testcase classname="Lab Creation Wizard Flow Tests Step 5: Content Creation Can create test content post in treatment circle" name="Lab Creation Wizard Flow Tests Step 5: Content Creation Can create test content post in treatment circle" time="0.226">
    </testcase>
    <testcase classname="Lab Creation Wizard Flow Tests Step 5: Content Creation Can verify posts are retrievable from lab circles" name="Lab Creation Wizard Flow Tests Step 5: Content Creation Can verify posts are retrievable from lab circles" time="0.986">
    </testcase>
    <testcase classname="Lab Creation Wizard Flow Tests Step 6: Lab Activation Can activate the lab" name="Lab Creation Wizard Flow Tests Step 6: Lab Activation Can activate the lab" time="0.229">
    </testcase>
    <testcase classname="Lab Creation Wizard Flow Tests Step 6: Lab Activation Can verify lab activation was successful" name="Lab Creation Wizard Flow Tests Step 6: Lab Activation Can verify lab activation was successful" time="0.154">
    </testcase>
    <testcase classname="Lab Creation Wizard Flow Tests Step 7: Lab Validation Can create test pending responses for control circle post" name="Lab Creation Wizard Flow Tests Step 7: Lab Validation Can create test pending responses for control circle post" time="3.285">
    </testcase>
    <testcase classname="Lab Creation Wizard Flow Tests Step 7: Lab Validation Can verify pending responses are retrievable via get post API" name="Lab Creation Wizard Flow Tests Step 7: Lab Validation Can verify pending responses are retrievable via get post API" time="1.186">
    </testcase>
    <testcase classname="Lab Creation Wizard Flow Tests Step 7: Lab Validation Can verify lab posts are properly processed by ThreadManager" name="Lab Creation Wizard Flow Tests Step 7: Lab Validation Can verify lab posts are properly processed by ThreadManager" time="1.046">
    </testcase>
    <testcase classname="Lab Creation Wizard Flow Tests Cleanup Can complete the lab after testing" name="Lab Creation Wizard Flow Tests Cleanup Can complete the lab after testing" time="0.396">
    </testcase>
  </testsuite>
  <testsuite name="Auth Helper" errors="0" failures="0" skipped="0" timestamp="2025-04-13T09:31:39" time="7.161" tests="18">
    <testcase classname="Auth Helper is a helper module, not a test suite" name="Auth Helper is a helper module, not a test suite" time="0.001">
    </testcase>
    <testcase classname="Lab API Tests Lab Creation Can create a new lab" name="Lab API Tests Lab Creation Can create a new lab" time="0.156">
    </testcase>
    <testcase classname="Lab API Tests Lab Creation Cannot create a lab without required fields" name="Lab API Tests Lab Creation Cannot create a lab without required fields" time="0.079">
    </testcase>
    <testcase classname="Lab API Tests Lab Retrieval Can get all labs" name="Lab API Tests Lab Retrieval Can get all labs" time="0.154">
    </testcase>
    <testcase classname="Lab API Tests Lab Retrieval Can get a specific lab by ID" name="Lab API Tests Lab Retrieval Can get a specific lab by ID" time="0.154">
    </testcase>
    <testcase classname="Lab API Tests Lab Retrieval Returns 404 for non-existent lab" name="Lab API Tests Lab Retrieval Returns 404 for non-existent lab" time="0.153">
    </testcase>
    <testcase classname="Lab API Tests Lab Updates Can update a lab" name="Lab API Tests Lab Updates Can update a lab" time="0.23">
    </testcase>
    <testcase classname="Lab API Tests Lab Updates Can update lab status" name="Lab API Tests Lab Updates Can update lab status" time="0.387">
    </testcase>
    <testcase classname="Lab API Tests Lab Updates Validates lab status updates" name="Lab API Tests Lab Updates Validates lab status updates" time="0.153">
    </testcase>
    <testcase classname="Lab API Tests Lab Circles Can add a circle to a lab" name="Lab API Tests Lab Circles Can add a circle to a lab" time="0.611">
    </testcase>
    <testcase classname="Lab API Tests Lab Circles Can get circles for a lab" name="Lab API Tests Lab Circles Can get circles for a lab" time="0.311">
    </testcase>
    <testcase classname="Lab API Tests Lab Circles Can get circle stats for a lab" name="Lab API Tests Lab Circles Can get circle stats for a lab" time="0.546">
    </testcase>
    <testcase classname="Lab API Tests Lab Circles Can update a circle role in a lab" name="Lab API Tests Lab Circles Can update a circle role in a lab" time="0.385">
    </testcase>
    <testcase classname="Lab API Tests Lab Duplication Can duplicate a lab" name="Lab API Tests Lab Duplication Can duplicate a lab" time="0.383">
    </testcase>
    <testcase classname="Lab API Tests Lab Posts Can get posts for a lab" name="Lab API Tests Lab Posts Can get posts for a lab" time="0.234">
    </testcase>
    <testcase classname="Lab API Tests Lab Deletion Can remove a circle from a lab" name="Lab API Tests Lab Deletion Can remove a circle from a lab" time="0.312">
    </testcase>
    <testcase classname="Lab API Tests Lab Deletion Can delete a lab" name="Lab API Tests Lab Deletion Can delete a lab" time="0.314">
    </testcase>
    <testcase classname="Lab API Tests Lab Deletion Cannot access a deleted lab" name="Lab API Tests Lab Deletion Cannot access a deleted lab" time="0.153">
    </testcase>
  </testsuite>
  <testsuite name="Auth Helper" errors="0" failures="0" skipped="0" timestamp="2025-04-13T09:31:46" time="8.674" tests="6">
    <testcase classname="Auth Helper is a helper module, not a test suite" name="Auth Helper is a helper module, not a test suite" time="0.001">
    </testcase>
    <testcase classname="AI Follower Collectives API Tests Can create a new AI follower collective" name="AI Follower Collectives API Tests Can create a new AI follower collective" time="0.081">
    </testcase>
    <testcase classname="AI Follower Collectives API Tests Can get a list of AI follower collectives" name="AI Follower Collectives API Tests Can get a list of AI follower collectives" time="0.16">
    </testcase>
    <testcase classname="AI Follower Collectives API Tests Can get details of a specific AI follower collective" name="AI Follower Collectives API Tests Can get details of a specific AI follower collective" time="0.157">
    </testcase>
    <testcase classname="AI Follower Collectives API Tests Can add a follower to a collective" name="AI Follower Collectives API Tests Can add a follower to a collective" time="0.093">
    </testcase>
    <testcase classname="AI Follower Collectives API Tests Can get members of a collective" name="AI Follower Collectives API Tests Can get members of a collective" time="0.399">
    </testcase>
  </testsuite>
  <testsuite name="Auth Helper" errors="0" failures="0" skipped="0" timestamp="2025-04-13T09:31:55" time="7.012" tests="12">
    <testcase classname="Auth Helper is a helper module, not a test suite" name="Auth Helper is a helper module, not a test suite" time="0.001">
    </testcase>
    <testcase classname="Data Creation Tests User Profile Tests Can retrieve authenticated user profile" name="Data Creation Tests User Profile Tests Can retrieve authenticated user profile" time="0.08">
    </testcase>
    <testcase classname="Data Creation Tests User Profile Tests Can update user profile" name="Data Creation Tests User Profile Tests Can update user profile" time="0.083">
    </testcase>
    <testcase classname="Data Creation Tests Circle Tests Can create a new circle" name="Data Creation Tests Circle Tests Can create a new circle" time="0.157">
    </testcase>
    <testcase classname="Data Creation Tests Circle Tests Can retrieve created circle" name="Data Creation Tests Circle Tests Can retrieve created circle" time="0.232">
    </testcase>
    <testcase classname="Data Creation Tests Circle Tests Can update circle details" name="Data Creation Tests Circle Tests Can update circle details" time="0.231">
    </testcase>
    <testcase classname="Data Creation Tests Post Tests Can create a new post" name="Data Creation Tests Post Tests Can create a new post" time="0.384">
    </testcase>
    <testcase classname="Data Creation Tests Post Tests Can retrieve created post" name="Data Creation Tests Post Tests Can retrieve created post" time="0.593">
    </testcase>
    <testcase classname="Data Creation Tests AI Follower Tests Can create a new AI follower" name="Data Creation Tests AI Follower Tests Can create a new AI follower" time="3.305">
    </testcase>
    <testcase classname="Data Creation Tests AI Follower Tests Can retrieve created AI follower" name="Data Creation Tests AI Follower Tests Can retrieve created AI follower" time="0.225">
    </testcase>
    <testcase classname="Data Creation Tests AI Follower Tests Can update AI follower details" name="Data Creation Tests AI Follower Tests Can update AI follower details" time="0.224">
    </testcase>
    <testcase classname="Data Creation Tests Workflow Tests Complete workflow: Create circle -&gt; Create post in circle -&gt; Verify post in circle" name="Data Creation Tests Workflow Tests Complete workflow: Create circle -&gt; Create post in circle -&gt; Verify post in circle" time="0.907">
    </testcase>
  </testsuite>
  <testsuite name="Auth Helper" errors="0" failures="0" skipped="0" timestamp="2025-04-13T09:32:02" time="4.594" tests="5">
    <testcase classname="Auth Helper is a helper module, not a test suite" name="Auth Helper is a helper module, not a test suite" time="0.001">
    </testcase>
    <testcase classname="Circle-Follower API Integration Tests Can add a follower to a circle" name="Circle-Follower API Integration Tests Can add a follower to a circle" time="0.232">
    </testcase>
    <testcase classname="Circle-Follower API Integration Tests Can get followers for a circle" name="Circle-Follower API Integration Tests Can get followers for a circle" time="0.234">
    </testcase>
    <testcase classname="Circle-Follower API Integration Tests Can toggle mute status for a follower in a circle" name="Circle-Follower API Integration Tests Can toggle mute status for a follower in a circle" time="0.229">
    </testcase>
    <testcase classname="Circle-Follower API Integration Tests Can remove a follower from a circle" name="Circle-Follower API Integration Tests Can remove a follower from a circle" time="0.459">
    </testcase>
  </testsuite>
  <testsuite name="Auth Helper" errors="0" failures="0" skipped="0" timestamp="2025-04-13T09:32:07" time="3.465" tests="3">
    <testcase classname="Auth Helper is a helper module, not a test suite" name="Auth Helper is a helper module, not a test suite" time="0">
    </testcase>
    <testcase classname="AI Follower API Specific Tests Can create an AI follower with complete required data" name="AI Follower API Specific Tests Can create an AI follower with complete required data" time="2.767">
    </testcase>
    <testcase classname="AI Follower API Specific Tests Can query AI followers list" name="AI Follower API Specific Tests Can query AI followers list" time="0.176">
    </testcase>
  </testsuite>
  <testsuite name="Auth Helper" errors="0" failures="0" skipped="0" timestamp="2025-04-13T09:32:10" time="2.043" tests="4">
    <testcase classname="Auth Helper is a helper module, not a test suite" name="Auth Helper is a helper module, not a test suite" time="0">
    </testcase>
    <testcase classname="Posts API Tests Can create a post in a circle" name="Posts API Tests Can create a post in a circle" time="0.232">
    </testcase>
    <testcase classname="Posts API Tests Can retrieve posts from a circle" name="Posts API Tests Can retrieve posts from a circle" time="0.515">
    </testcase>
    <testcase classname="Posts API Tests Can retrieve a specific post" name="Posts API Tests Can retrieve a specific post" time="0.601">
    </testcase>
  </testsuite>
  <testsuite name="Auth Helper" errors="0" failures="0" skipped="0" timestamp="2025-04-13T09:32:12" time="1.53" tests="5">
    <testcase classname="Auth Helper is a helper module, not a test suite" name="Auth Helper is a helper module, not a test suite" time="0">
    </testcase>
    <testcase classname="Circles API Tests Can create a new circle" name="Circles API Tests Can create a new circle" time="0.15">
    </testcase>
    <testcase classname="Circles API Tests Can retrieve circles for user" name="Circles API Tests Can retrieve circles for user" time="0.45">
    </testcase>
    <testcase classname="Circles API Tests Can retrieve a specific circle" name="Circles API Tests Can retrieve a specific circle" time="0.219">
    </testcase>
    <testcase classname="Circles API Tests Can update circle details" name="Circles API Tests Can update circle details" time="0.219">
    </testcase>
  </testsuite>
  <testsuite name="Auth Helper" errors="0" failures="0" skipped="0" timestamp="2025-04-13T09:32:14" time="1.333" tests="4">
    <testcase classname="Auth Helper is a helper module, not a test suite" name="Auth Helper is a helper module, not a test suite" time="0.001">
    </testcase>
    <testcase classname="Default Circle API Tests Can get default circle using /api/default-circle endpoint" name="Default Circle API Tests Can get default circle using /api/default-circle endpoint" time="0.374">
    </testcase>
    <testcase classname="Default Circle API Tests Can get default circle using alternative /api/circles/default endpoint" name="Default Circle API Tests Can get default circle using alternative /api/circles/default endpoint" time="0.147">
    </testcase>
    <testcase classname="Default Circle API Tests Both default circle endpoints return the same circle" name="Default Circle API Tests Both default circle endpoints return the same circle" time="0.292">
    </testcase>
  </testsuite>
  <testsuite name="Auth Helper" errors="0" failures="0" skipped="0" timestamp="2025-04-13T09:32:15" time="0.869" tests="5">
    <testcase classname="Auth Helper is a helper module, not a test suite" name="Auth Helper is a helper module, not a test suite" time="0.001">
    </testcase>
    <testcase classname="Tools API Tests Can get a list of available tools" name="Tools API Tests Can get a list of available tools" time="0.075">
    </testcase>
    <testcase classname="Tools API Tests Can get details of a specific tool" name="Tools API Tests Can get details of a specific tool" time="0.151">
    </testcase>
    <testcase classname="Tools API Tests Can execute a calculator tool" name="Tools API Tests Can execute a calculator tool" time="0.08">
    </testcase>
    <testcase classname="Tools API Tests Can get tool execution history" name="Tools API Tests Can get tool execution history" time="0.08">
    </testcase>
  </testsuite>
  <testsuite name="Auth Helper" errors="0" failures="0" skipped="0" timestamp="2025-04-13T09:32:16" time="0.523" tests="3">
    <testcase classname="Auth Helper is a helper module, not a test suite" name="Auth Helper is a helper module, not a test suite" time="0.001">
    </testcase>
    <testcase classname="Authentication Endpoints Registration endpoint exists and accepts requests" name="Authentication Endpoints Registration endpoint exists and accepts requests" time="0.183">
    </testcase>
    <testcase classname="Authentication Endpoints Login endpoint returns successful response" name="Authentication Endpoints Login endpoint returns successful response" time="0.288">
    </testcase>
  </testsuite>
  <testsuite name="Auth Helper" errors="0" failures="0" skipped="0" timestamp="2025-04-13T09:32:16" time="0.121" tests="3">
    <testcase classname="Auth Helper is a helper module, not a test suite" name="Auth Helper is a helper module, not a test suite" time="0.001">
    </testcase>
    <testcase classname="Health API Tests GET /api/health returns basic health status" name="Health API Tests GET /api/health returns basic health status" time="0.002">
    </testcase>
    <testcase classname="Health API Tests GET /api/health/details returns detailed health information" name="Health API Tests GET /api/health/details returns detailed health information" time="0.076">
    </testcase>
  </testsuite>
  <testsuite name="Auth Helper" errors="0" failures="0" skipped="0" timestamp="2025-04-13T09:32:17" time="0.047" tests="1">
    <testcase classname="Auth Helper is a helper module, not a test suite" name="Auth Helper is a helper module, not a test suite" time="0.001">
    </testcase>
  </testsuite>
  <testsuite name="Auth Helper" errors="0" failures="0" skipped="0" timestamp="2025-04-13T09:32:17" time="0.051" tests="3">
    <testcase classname="Auth Helper is a helper module, not a test suite" name="Auth Helper is a helper module, not a test suite" time="0.001">
    </testcase>
    <testcase classname="Server API GET /api/user returns 401 when not authenticated" name="Server API GET /api/user returns 401 when not authenticated" time="0.001">
    </testcase>
    <testcase classname="Server API GET /api endpoint exists" name="Server API GET /api endpoint exists" time="0.004">
    </testcase>
  </testsuite>
  <testsuite name="Zod Schema Validation" errors="0" failures="0" skipped="0" timestamp="2025-04-13T09:32:17" time="0.032" tests="3">
    <testcase classname="Zod Schema Validation validates valid user data" name="Zod Schema Validation validates valid user data" time="0.002">
    </testcase>
    <testcase classname="Zod Schema Validation rejects invalid user data" name="Zod Schema Validation rejects invalid user data" time="0.002">
    </testcase>
    <testcase classname="Zod Schema Validation schema validates with optional fields missing" name="Zod Schema Validation schema validates with optional fields missing" time="0">
    </testcase>
  </testsuite>
  <testsuite name="undefined" errors="0" failures="0" skipped="0" timestamp="2025-04-13T09:32:17" time="0.023" tests="2">
    <testcase classname=" 1 + 1 equals 2" name=" 1 + 1 equals 2" time="0">
    </testcase>
    <testcase classname=" 2 * 3 equals 6" name=" 2 * 3 equals 6" time="0">
    </testcase>
  </testsuite>
</testsuites>